<?xml version="1.0" encoding="UTF-8"?>
<testsuite xmlns:xsi="http://www.w3.org/2001/XMLSchema-instance" xsi:noNamespaceSchemaLocation="https://maven.apache.org/surefire/maven-surefire-plugin/xsd/surefire-test-report-3.0.xsd" version="3.0" name="ru.gb.AppTest" time="0.033" tests="1" errors="0" skipped="0" failures="0">
  <properties>
    <property name="sun.desktop" value="windows"/>
    <property name="awt.toolkit" value="sun.awt.windows.WToolkit"/>
    <property name="file.encoding.pkg" value="sun.io"/>
    <property name="java.specification.version" value="1.8"/>
    <property name="sun.cpu.isalist" value="amd64"/>
    <property name="sun.jnu.encoding" value="Cp1251"/>
    <property name="java.class.path" value="C:\Users\HOME\SpringProjects\MyProjectMaven\myprojectmaven\target\test-classes;C:\Users\HOME\SpringProjects\MyProjectMaven\myprojectmaven\target\classes;C:\Users\HOME\.m2\repository\junit\junit\4.13.1\junit-4.13.1.jar;C:\Users\HOME\.m2\repository\org\hamcrest\hamcrest-core\1.3\hamcrest-core-1.3.jar;C:\Users\HOME\.m2\repository\org\slf4j\slf4j-api\1.7.30\slf4j-api-1.7.30.jar;"/>
    <property name="java.vm.vendor" value="Amazon.com Inc."/>
    <property name="sun.arch.data.model" value="64"/>
    <property name="user.variant" value=""/>
    <property name="java.vendor.url" value="https://aws.amazon.com/corretto/"/>
    <property name="user.timezone" value="Asia/Irkutsk"/>
    <property name="java.vm.specification.version" value="1.8"/>
    <property name="os.name" value="Windows 10"/>
    <property name="user.country" value="RU"/>
    <property name="sun.java.launcher" value="SUN_STANDARD"/>
    <property name="sun.boot.library.path" value="C:\Users\HOME\.jdks\corretto-1.8.0_432\jre\bin"/>
    <property name="sun.java.command" value="C:\Users\HOME\AppData\Local\Temp\surefire7638481809193448700\surefirebooter-20241221190739225_3.jar C:\Users\HOME\AppData\Local\Temp\surefire7638481809193448700 2024-12-21T19-07-36_152-jvmRun1 surefire-20241221190739225_1tmp surefire_0-20241221190739225_2tmp"/>
    <property name="surefire.test.class.path" value="C:\Users\HOME\SpringProjects\MyProjectMaven\myprojectmaven\target\test-classes;C:\Users\HOME\SpringProjects\MyProjectMaven\myprojectmaven\target\classes;C:\Users\HOME\.m2\repository\junit\junit\4.13.1\junit-4.13.1.jar;C:\Users\HOME\.m2\repository\org\hamcrest\hamcrest-core\1.3\hamcrest-core-1.3.jar;C:\Users\HOME\.m2\repository\org\slf4j\slf4j-api\1.7.30\slf4j-api-1.7.30.jar;"/>
    <property name="sun.cpu.endian" value="little"/>
    <property name="user.home" value="C:\Users\HOME"/>
    <property name="user.language" value="ru"/>
    <property name="java.specification.vendor" value="Oracle Corporation"/>
    <property name="java.home" value="C:\Users\HOME\.jdks\corretto-1.8.0_432\jre"/>
    <property name="basedir" value="C:\Users\HOME\SpringProjects\MyProjectMaven\myprojectmaven"/>
    <property name="file.separator" value="\"/>
    <property name="line.separator" value="&#10;"/>
    <property name="java.vm.specification.vendor" value="Oracle Corporation"/>
    <property name="java.specification.name" value="Java Platform API Specification"/>
    <property name="java.awt.graphicsenv" value="sun.awt.Win32GraphicsEnvironment"/>
    <property name="surefire.real.class.path" value="C:\Users\HOME\AppData\Local\Temp\surefire7638481809193448700\surefirebooter-20241221190739225_3.jar"/>
    <property name="sun.boot.class.path" value="C:\Users\HOME\.jdks\corretto-1.8.0_432\jre\lib\resources.jar;C:\Users\HOME\.jdks\corretto-1.8.0_432\jre\lib\rt.jar;C:\Users\HOME\.jdks\corretto-1.8.0_432\jre\lib\sunrsasign.jar;C:\Users\HOME\.jdks\corretto-1.8.0_432\jre\lib\jsse.jar;C:\Users\HOME\.jdks\corretto-1.8.0_432\jre\lib\jce.jar;C:\Users\HOME\.jdks\corretto-1.8.0_432\jre\lib\charsets.jar;C:\Users\HOME\.jdks\corretto-1.8.0_432\jre\lib\jfr.jar;C:\Users\HOME\.jdks\corretto-1.8.0_432\jre\classes"/>
    <property name="user.script" value=""/>
    <property name="sun.management.compiler" value="HotSpot 64-Bit Tiered Compilers"/>
    <property name="java.runtime.version" value="1.8.0_432-b06"/>
    <property name="user.name" value="HOME"/>
    <property name="path.separator" value=";"/>
    <property name="os.version" value="10.0"/>
    <property name="java.endorsed.dirs" value="C:\Users\HOME\.jdks\corretto-1.8.0_432\jre\lib\endorsed"/>
    <property name="java.runtime.name" value="OpenJDK Runtime Environment"/>
    <property name="file.encoding" value="Cp1251"/>
    <property name="java.vm.name" value="OpenJDK 64-Bit Server VM"/>
    <property name="localRepository" value="C:\Users\HOME\.m2\repository"/>
    <property name="java.vendor.url.bug" value="https://github.com/corretto/corretto-8/issues/"/>
    <property name="java.io.tmpdir" value="C:\Users\HOME\AppData\Local\Temp\"/>
    <property name="idea.version" value="2024.1.2"/>
    <property name="java.version" value="1.8.0_432"/>
    <property name="user.dir" value="C:\Users\HOME\SpringProjects\MyProjectMaven\myprojectmaven"/>
    <property name="os.arch" value="amd64"/>
    <property name="java.vm.specification.name" value="Java Virtual Machine Specification"/>
    <property name="java.awt.printerjob" value="sun.awt.windows.WPrinterJob"/>
    <property name="sun.os.patch.level" value=""/>
    <property name="java.library.path" value="C:\Users\HOME\.jdks\corretto-1.8.0_432\jre\bin;C:\Windows\Sun\Java\bin;C:\Windows\system32;C:\Windows;C:\Windows\system32;C:\Windows;C:\Windows\System32\Wbem;C:\Windows\System32\WindowsPowerShell\v1.0\;C:\Windows\System32\OpenSSH\;C:\Program Files\Git\cmd;C:\Program Files\dotnet\;C:\distributiv\apache-maven-3.9.9\bin\;C:\distributiv\gradle-8.12\bin\;C:\Users\HOME\AppData\Local\Microsoft\WindowsApps;C:\Program Files\JetBrains\IntelliJ IDEA Community Edition 2024.1.2\bin;;C:\Users\HOME\AppData\Local\GitHubDesktop\bin;C:\Program Files\Java\jdk-14.0.2\bin;C:\Users\HOME\AppData\Local\Programs\Microsoft VS Code\bin;C:\Users\HOME\.dotnet\tools;C:\Program Files\JetBrains\IntelliJ IDEA 2023.3.6\bin;;C:\distributiv\apache-maven-3.9.9\bin\;C:\distributiv\gradle-8.12\bin\;;."/>
    <property name="java.vm.info" value="mixed mode"/>
    <property name="java.vendor" value="Amazon.com Inc."/>
    <property name="java.vm.version" value="25.432-b06"/>
    <property name="java.specification.maintenance.version" value="6"/>
    <property name="java.ext.dirs" value="C:\Users\HOME\.jdks\corretto-1.8.0_432\jre\lib\ext;C:\Windows\Sun\Java\lib\ext"/>
    <property name="sun.io.unicode.encoding" value="UnicodeLittle"/>
    <property name="java.class.version" value="52.0"/>
  </properties>
  <testcase name="testApp" classname="ru.gb.AppTest" time="0.002"/>
</testsuite>